[2012-12-21 00:35:30] request.ERROR: Symfony\Component\HttpKernel\Exception\NotFoundHttpException: No route found for "GET /inventario/producto" (uncaught exception) at C:\Documents and Settings\Administrator\ohdeer\app\cache\prod\classes.php line 5117 [] []
[2012-12-21 00:35:35] request.ERROR: Symfony\Component\HttpKernel\Exception\NotFoundHttpException: No route found for "GET /inventario/productos" (uncaught exception) at C:\Documents and Settings\Administrator\ohdeer\app\cache\prod\classes.php line 5117 [] []
[2012-12-21 00:35:46] request.ERROR: Symfony\Component\HttpKernel\Exception\NotFoundHttpException: No route found for "GET /productos" (uncaught exception) at C:\Documents and Settings\Administrator\ohdeer\app\cache\prod\classes.php line 5117 [] []
[2012-12-21 00:35:48] request.INFO: Matched route "producto" (parameters: "_controller": "OhDeer\AppBundle\Controller\ProductoController::indexAction", "_route": "producto") [] []
[2012-12-21 00:35:49] request.CRITICAL: Doctrine\DBAL\DBALException: An exception occurred while executing 'SELECT t0.id AS id1, t0.codigo AS codigo2, t0.descripcion AS descripcion3, t0.imagen AS imagen4, t0.cantidad AS cantidad5, t0.fecha AS fecha6, t0.costo_pesos AS costo_pesos7, t0.categoria_id AS categoria_id8 FROM Producto t0':

SQLSTATE[42S22]: Column not found: 1054 Unknown column 't0.id' in 'field list' (uncaught exception) at C:\Documents and Settings\Administrator\ohdeer\vendor\doctrine\dbal\lib\Doctrine\DBAL\DBALException.php line 47 [] []
[2012-12-21 00:36:55] request.INFO: Matched route "producto" (parameters: "_controller": "OhDeer\AppBundle\Controller\ProductoController::indexAction", "_route": "producto") [] []
[2012-12-21 00:36:55] request.CRITICAL: Doctrine\DBAL\DBALException: An exception occurred while executing 'SELECT t0.id AS id1, t0.codigo AS codigo2, t0.descripcion AS descripcion3, t0.imagen AS imagen4, t0.cantidad AS cantidad5, t0.fecha AS fecha6, t0.costo_pesos AS costo_pesos7, t0.categoria_id AS categoria_id8 FROM Producto t0':

SQLSTATE[42S22]: Column not found: 1054 Unknown column 't0.id' in 'field list' (uncaught exception) at C:\Documents and Settings\Administrator\ohdeer\vendor\doctrine\dbal\lib\Doctrine\DBAL\DBALException.php line 47 [] []
[2012-12-21 00:39:32] request.INFO: Matched route "producto" (parameters: "_controller": "OhDeer\AppBundle\Controller\ProductoController::indexAction", "_route": "producto") [] []
[2012-12-21 00:39:32] request.CRITICAL: Doctrine\DBAL\DBALException: An exception occurred while executing 'SELECT t0.id AS id1, t0.codigo AS codigo2, t0.descripcion AS descripcion3, t0.imagen AS imagen4, t0.cantidad AS cantidad5, t0.fecha AS fecha6, t0.costo_pesos AS costo_pesos7, t0.categoria_id AS categoria_id8 FROM Producto t0':

SQLSTATE[42S22]: Column not found: 1054 Unknown column 't0.id' in 'field list' (uncaught exception) at C:\Documents and Settings\Administrator\ohdeer\vendor\doctrine\dbal\lib\Doctrine\DBAL\DBALException.php line 47 [] []
[2012-12-21 00:39:35] request.INFO: Matched route "producto" (parameters: "_controller": "OhDeer\AppBundle\Controller\ProductoController::indexAction", "_route": "producto") [] []
[2012-12-21 00:39:35] request.CRITICAL: Doctrine\DBAL\DBALException: An exception occurred while executing 'SELECT t0.id AS id1, t0.codigo AS codigo2, t0.descripcion AS descripcion3, t0.imagen AS imagen4, t0.cantidad AS cantidad5, t0.fecha AS fecha6, t0.costo_pesos AS costo_pesos7, t0.categoria_id AS categoria_id8 FROM Producto t0':

SQLSTATE[42S22]: Column not found: 1054 Unknown column 't0.id' in 'field list' (uncaught exception) at C:\Documents and Settings\Administrator\ohdeer\vendor\doctrine\dbal\lib\Doctrine\DBAL\DBALException.php line 47 [] []
[2012-12-21 00:39:37] request.INFO: Matched route "producto" (parameters: "_controller": "OhDeer\AppBundle\Controller\ProductoController::indexAction", "_route": "producto") [] []
[2012-12-21 00:39:38] request.CRITICAL: Doctrine\DBAL\DBALException: An exception occurred while executing 'SELECT t0.id AS id1, t0.codigo AS codigo2, t0.descripcion AS descripcion3, t0.imagen AS imagen4, t0.cantidad AS cantidad5, t0.fecha AS fecha6, t0.costo_pesos AS costo_pesos7, t0.categoria_id AS categoria_id8 FROM Producto t0':

SQLSTATE[42S22]: Column not found: 1054 Unknown column 't0.id' in 'field list' (uncaught exception) at C:\Documents and Settings\Administrator\ohdeer\vendor\doctrine\dbal\lib\Doctrine\DBAL\DBALException.php line 47 [] []
[2012-12-21 04:36:05] request.ERROR: Symfony\Component\HttpKernel\Exception\NotFoundHttpException: No route found for "GET /prpducto" (uncaught exception) at C:\Documents and Settings\Administrator\ohdeer\app\cache\prod\classes.php line 5117 [] []
[2012-12-21 23:11:00] request.ERROR: Symfony\Component\HttpKernel\Exception\NotFoundHttpException: No route found for "GET /bundles/OhDeer/images/producto.gif" (uncaught exception) at C:\Documents and Settings\Administrator\ohdeer\app\cache\prod\classes.php line 5117 [] []
[2012-12-22 00:11:53] request.ERROR: Symfony\Component\HttpKernel\Exception\NotFoundHttpException: No route found for "GET /bundles/OhDeer/js/jquery-1.9.2.custom.js" (uncaught exception) at C:\Documents and Settings\Administrator\ohdeer\app\cache\prod\classes.php line 5117 [] []
[2012-12-22 01:23:38] request.ERROR: Symfony\Component\HttpKernel\Exception\NotFoundHttpException: No route found for "GET /bundles/OhDeer/css/jquery.DataTables.js" (uncaught exception) at C:\Documents and Settings\Administrator\ohdeer\app\cache\prod\classes.php line 5117 [] []
[2012-12-22 05:39:55] request.ERROR: Symfony\Component\HttpKernel\Exception\NotFoundHttpException: No route found for "GET /bundles/OhDeer/css/images/ui-bg_highlight-soft_75_7cbf22_1x100.png" (uncaught exception) at C:\Documents and Settings\Administrator\ohdeer\app\cache\prod\classes.php line 5117 [] []
[2012-12-22 05:40:17] request.ERROR: Symfony\Component\HttpKernel\Exception\NotFoundHttpException: No route found for "GET /bundles/OhDeer/css/images/ui-bg_highlight-soft_75_7cbf22_1x100.png" (uncaught exception) at C:\Documents and Settings\Administrator\ohdeer\app\cache\prod\classes.php line 5117 [] []
[2012-12-22 05:40:45] request.ERROR: Symfony\Component\HttpKernel\Exception\NotFoundHttpException: No route found for "GET /bundles/OhDeer/css/images/ui-bg_highlight-soft_75_7cbf22_1x100.png" (uncaught exception) at C:\Documents and Settings\Administrator\ohdeer\app\cache\prod\classes.php line 5117 [] []
[2012-12-22 05:41:02] request.ERROR: Symfony\Component\HttpKernel\Exception\NotFoundHttpException: No route found for "GET /bundles/OhDeer/css/images/ui-bg_highlight-soft_75_7cbf22_1x100.png" (uncaught exception) at C:\Documents and Settings\Administrator\ohdeer\app\cache\prod\classes.php line 5117 [] []
[2012-12-22 05:41:25] request.ERROR: Symfony\Component\HttpKernel\Exception\NotFoundHttpException: No route found for "GET /bundles/OhDeer/css/images/ui-bg_highlight-soft_75_7cbf22_1x100.png" (uncaught exception) at C:\Documents and Settings\Administrator\ohdeer\app\cache\prod\classes.php line 5117 [] []
[2012-12-22 05:42:06] request.ERROR: Symfony\Component\HttpKernel\Exception\NotFoundHttpException: No route found for "GET /bundles/OhDeer/css/images/ui-bg_highlight-soft_75_7cbf22_1x100.png" (uncaught exception) at C:\Documents and Settings\Administrator\ohdeer\app\cache\prod\classes.php line 5117 [] []
[2012-12-22 05:47:26] request.ERROR: Symfony\Component\HttpKernel\Exception\NotFoundHttpException: No route found for "GET /bundles/OhDeer/css/images/ui-bg_highlight-soft_75_7cbf22_1x100.png" (uncaught exception) at C:\Documents and Settings\Administrator\ohdeer\app\cache\prod\classes.php line 5117 [] []
[2012-12-22 05:47:52] request.ERROR: Symfony\Component\HttpKernel\Exception\NotFoundHttpException: No route found for "GET /bundles/OhDeer/css/images/ui-bg_highlight-soft_75_7cbf22_1x100.png" (uncaught exception) at C:\Documents and Settings\Administrator\ohdeer\app\cache\prod\classes.php line 5117 [] []
[2012-12-22 05:48:13] request.ERROR: Symfony\Component\HttpKernel\Exception\NotFoundHttpException: No route found for "GET /bundles/OhDeer/css/images/ui-bg_highlight-soft_75_7cbf22_1x100.png" (uncaught exception) at C:\Documents and Settings\Administrator\ohdeer\app\cache\prod\classes.php line 5117 [] []
[2012-12-22 05:49:21] request.ERROR: Symfony\Component\HttpKernel\Exception\NotFoundHttpException: No route found for "GET /bundles/OhDeer/css/images/ui-bg_highlight-soft_75_7cbf22_1x100.png" (uncaught exception) at C:\Documents and Settings\Administrator\ohdeer\app\cache\prod\classes.php line 5117 [] []
[2012-12-22 05:50:05] request.ERROR: Symfony\Component\HttpKernel\Exception\NotFoundHttpException: No route found for "GET /bundles/OhDeer/css/images/ui-bg_highlight-soft_75_7cbf22_1x100.png" (uncaught exception) at C:\Documents and Settings\Administrator\ohdeer\app\cache\prod\classes.php line 5117 [] []
[2012-12-22 05:50:55] request.ERROR: Symfony\Component\HttpKernel\Exception\NotFoundHttpException: No route found for "GET /bundles/OhDeer/css/images/ui-bg_highlight-soft_75_7cbf22_1x100.png" (uncaught exception) at C:\Documents and Settings\Administrator\ohdeer\app\cache\prod\classes.php line 5117 [] []
[2012-12-22 05:51:23] request.ERROR: Symfony\Component\HttpKernel\Exception\NotFoundHttpException: No route found for "GET /bundles/OhDeer/css/images/ui-bg_highlight-soft_75_7cbf22_1x100.png" (uncaught exception) at C:\Documents and Settings\Administrator\ohdeer\app\cache\prod\classes.php line 5117 [] []
[2012-12-22 05:53:48] request.ERROR: Symfony\Component\HttpKernel\Exception\NotFoundHttpException: No route found for "GET /bundles/OhDeer/css/images/ui-bg_highlight-soft_75_7cbf22_1x100.png" (uncaught exception) at C:\Documents and Settings\Administrator\ohdeer\app\cache\prod\classes.php line 5117 [] []
[2012-12-22 05:58:36] request.ERROR: Symfony\Component\HttpKernel\Exception\NotFoundHttpException: No route found for "GET /bundles/OhDeer/css/images/ui-bg_highlight-soft_75_7cbf22_1x100.png" (uncaught exception) at C:\Documents and Settings\Administrator\ohdeer\app\cache\prod\classes.php line 5117 [] []
[2012-12-22 05:59:13] request.ERROR: Symfony\Component\HttpKernel\Exception\NotFoundHttpException: No route found for "GET /bundles/OhDeer/css/images/ui-bg_highlight-soft_75_7cbf22_1x100.png" (uncaught exception) at C:\Documents and Settings\Administrator\ohdeer\app\cache\prod\classes.php line 5117 [] []
[2012-12-22 06:02:17] request.ERROR: Symfony\Component\HttpKernel\Exception\NotFoundHttpException: No route found for "GET /bundles/OhDeer/css/images/ui-bg_highlight-soft_75_7cbf22_1x100.png" (uncaught exception) at C:\Documents and Settings\Administrator\ohdeer\app\cache\prod\classes.php line 5117 [] []
[2012-12-22 06:02:45] request.ERROR: Symfony\Component\HttpKernel\Exception\NotFoundHttpException: No route found for "GET /bundles/OhDeer/css/images/ui-bg_highlight-soft_75_7cbf22_1x100.png" (uncaught exception) at C:\Documents and Settings\Administrator\ohdeer\app\cache\prod\classes.php line 5117 [] []
[2012-12-22 06:06:53] request.ERROR: Symfony\Component\HttpKernel\Exception\NotFoundHttpException: No route found for "GET /bundles/OhDeer/css/images/ui-bg_highlight-soft_75_7cbf22_1x100.png" (uncaught exception) at C:\Documents and Settings\Administrator\ohdeer\app\cache\prod\classes.php line 5117 [] []
[2012-12-22 06:07:08] request.ERROR: Symfony\Component\HttpKernel\Exception\NotFoundHttpException: No route found for "GET /bundles/OhDeer/css/images/ui-bg_highlight-soft_75_7cbf22_1x100.png" (uncaught exception) at C:\Documents and Settings\Administrator\ohdeer\app\cache\prod\classes.php line 5117 [] []
[2012-12-22 06:08:19] request.ERROR: Symfony\Component\HttpKernel\Exception\NotFoundHttpException: No route found for "GET /bundles/OhDeer/css/images/ui-bg_highlight-soft_75_7cbf22_1x100.png" (uncaught exception) at C:\Documents and Settings\Administrator\ohdeer\app\cache\prod\classes.php line 5117 [] []
[2012-12-22 06:09:26] request.ERROR: Symfony\Component\HttpKernel\Exception\NotFoundHttpException: No route found for "GET /bundles/OhDeer/css/images/ui-bg_highlight-soft_75_7cbf22_1x100.png" (uncaught exception) at C:\Documents and Settings\Administrator\ohdeer\app\cache\prod\classes.php line 5117 [] []
[2012-12-22 06:11:39] request.ERROR: Symfony\Component\HttpKernel\Exception\NotFoundHttpException: No route found for "GET /bundles/OhDeer/css/images/ui-bg_highlight-soft_75_7cbf22_1x100.png" (uncaught exception) at C:\Documents and Settings\Administrator\ohdeer\app\cache\prod\classes.php line 5117 [] []
[2012-12-22 06:12:22] request.ERROR: Symfony\Component\HttpKernel\Exception\NotFoundHttpException: No route found for "GET /bundles/OhDeer/css/images/ui-bg_highlight-soft_75_7cbf22_1x100.png" (uncaught exception) at C:\Documents and Settings\Administrator\ohdeer\app\cache\prod\classes.php line 5117 [] []
[2012-12-22 06:12:43] request.ERROR: Symfony\Component\HttpKernel\Exception\NotFoundHttpException: No route found for "GET /bundles/OhDeer/css/images/ui-bg_highlight-soft_75_7cbf22_1x100.png" (uncaught exception) at C:\Documents and Settings\Administrator\ohdeer\app\cache\prod\classes.php line 5117 [] []
[2012-12-22 06:46:05] request.ERROR: Symfony\Component\HttpKernel\Exception\NotFoundHttpException: No route found for "GET /bundles/OhDeer/css/images/ui-bg_highlight-soft_75_7cbf22_1x100.png" (uncaught exception) at C:\Documents and Settings\Administrator\ohdeer\app\cache\prod\classes.php line 5117 [] []
[2012-12-22 06:46:29] request.ERROR: Symfony\Component\HttpKernel\Exception\NotFoundHttpException: No route found for "GET /bundles/OhDeer/css/images/ui-bg_highlight-soft_75_7cbf22_1x100.png" (uncaught exception) at C:\Documents and Settings\Administrator\ohdeer\app\cache\prod\classes.php line 5117 [] []
[2012-12-22 06:47:02] request.ERROR: Symfony\Component\HttpKernel\Exception\NotFoundHttpException: No route found for "GET /bundles/OhDeer/css/images/ui-bg_highlight-soft_75_7cbf22_1x100.png" (uncaught exception) at C:\Documents and Settings\Administrator\ohdeer\app\cache\prod\classes.php line 5117 [] []
[2012-12-22 06:53:59] request.ERROR: Symfony\Component\HttpKernel\Exception\NotFoundHttpException: No route found for "GET /bundles/OhDeer/css/images/ui-bg_highlight-soft_75_7cbf22_1x100.png" (uncaught exception) at C:\Documents and Settings\Administrator\ohdeer\app\cache\prod\classes.php line 5117 [] []
[2012-12-22 06:54:58] request.ERROR: Symfony\Component\HttpKernel\Exception\NotFoundHttpException: No route found for "GET /bundles/OhDeer/css/images/ui-bg_highlight-soft_75_7cbf22_1x100.png" (uncaught exception) at C:\Documents and Settings\Administrator\ohdeer\app\cache\prod\classes.php line 5117 [] []
[2012-12-22 06:55:39] request.ERROR: Symfony\Component\HttpKernel\Exception\NotFoundHttpException: No route found for "GET /bundles/OhDeer/css/images/ui-bg_highlight-soft_75_7cbf22_1x100.png" (uncaught exception) at C:\Documents and Settings\Administrator\ohdeer\app\cache\prod\classes.php line 5117 [] []
[2012-12-22 06:57:09] request.ERROR: Symfony\Component\HttpKernel\Exception\NotFoundHttpException: No route found for "GET /bundles/OhDeer/css/images/ui-bg_highlight-soft_75_7cbf22_1x100.png" (uncaught exception) at C:\Documents and Settings\Administrator\ohdeer\app\cache\prod\classes.php line 5117 [] []
[2012-12-22 07:01:10] request.ERROR: Symfony\Component\HttpKernel\Exception\NotFoundHttpException: No route found for "GET /bundles/OhDeer/css/images/ui-bg_highlight-soft_75_7cbf22_1x100.png" (uncaught exception) at C:\Documents and Settings\Administrator\ohdeer\app\cache\prod\classes.php line 5117 [] []
[2012-12-22 07:02:00] request.ERROR: Symfony\Component\HttpKernel\Exception\NotFoundHttpException: No route found for "GET /bundles/OhDeer/css/images/ui-bg_highlight-soft_75_7cbf22_1x100.png" (uncaught exception) at C:\Documents and Settings\Administrator\ohdeer\app\cache\prod\classes.php line 5117 [] []
[2012-12-22 07:02:43] request.ERROR: Symfony\Component\HttpKernel\Exception\NotFoundHttpException: No route found for "GET /bundles/OhDeer/css/images/ui-bg_highlight-soft_75_7cbf22_1x100.png" (uncaught exception) at C:\Documents and Settings\Administrator\ohdeer\app\cache\prod\classes.php line 5117 [] []
[2012-12-22 07:03:27] request.ERROR: Symfony\Component\HttpKernel\Exception\NotFoundHttpException: No route found for "GET /bundles/OhDeer/css/images/ui-bg_highlight-soft_75_7cbf22_1x100.png" (uncaught exception) at C:\Documents and Settings\Administrator\ohdeer\app\cache\prod\classes.php line 5117 [] []
[2012-12-22 07:04:50] request.ERROR: Symfony\Component\HttpKernel\Exception\NotFoundHttpException: No route found for "GET /bundles/OhDeer/css/images/ui-bg_highlight-soft_75_7cbf22_1x100.png" (uncaught exception) at C:\Documents and Settings\Administrator\ohdeer\app\cache\prod\classes.php line 5117 [] []
[2012-12-22 07:05:56] request.ERROR: Symfony\Component\HttpKernel\Exception\NotFoundHttpException: No route found for "GET /bundles/OhDeer/css/images/ui-bg_highlight-soft_75_7cbf22_1x100.png" (uncaught exception) at C:\Documents and Settings\Administrator\ohdeer\app\cache\prod\classes.php line 5117 [] []
[2012-12-22 07:06:09] request.ERROR: Symfony\Component\HttpKernel\Exception\NotFoundHttpException: No route found for "GET /bundles/OhDeer/css/images/ui-bg_highlight-soft_75_7cbf22_1x100.png" (uncaught exception) at C:\Documents and Settings\Administrator\ohdeer\app\cache\prod\classes.php line 5117 [] []
[2012-12-22 07:07:01] request.ERROR: Symfony\Component\HttpKernel\Exception\NotFoundHttpException: No route found for "GET /bundles/OhDeer/css/images/ui-bg_highlight-soft_75_7cbf22_1x100.png" (uncaught exception) at C:\Documents and Settings\Administrator\ohdeer\app\cache\prod\classes.php line 5117 [] []
[2012-12-22 07:10:08] request.ERROR: Symfony\Component\HttpKernel\Exception\NotFoundHttpException: No route found for "GET /bundles/OhDeer/css/images/ui-bg_highlight-soft_75_7cbf22_1x100.png" (uncaught exception) at C:\Documents and Settings\Administrator\ohdeer\app\cache\prod\classes.php line 5117 [] []
[2012-12-22 07:10:36] request.ERROR: Symfony\Component\HttpKernel\Exception\NotFoundHttpException: No route found for "GET /bundles/OhDeer/css/images/ui-bg_highlight-soft_75_7cbf22_1x100.png" (uncaught exception) at C:\Documents and Settings\Administrator\ohdeer\app\cache\prod\classes.php line 5117 [] []
[2012-12-22 07:11:22] request.ERROR: Symfony\Component\HttpKernel\Exception\NotFoundHttpException: No route found for "GET /bundles/OhDeer/css/images/ui-bg_highlight-soft_75_7cbf22_1x100.png" (uncaught exception) at C:\Documents and Settings\Administrator\ohdeer\app\cache\prod\classes.php line 5117 [] []
[2012-12-22 07:12:31] request.ERROR: Symfony\Component\HttpKernel\Exception\NotFoundHttpException: No route found for "GET /bundles/OhDeer/css/images/ui-bg_highlight-soft_75_cccccc_1x100.png" (uncaught exception) at C:\Documents and Settings\Administrator\ohdeer\app\cache\prod\classes.php line 5117 [] []
[2012-12-28 02:42:33] request.ERROR: Symfony\Component\HttpKernel\Exception\NotFoundHttpException: No route found for "GET /bundles/OhDeer/images/notfound.png" (uncaught exception) at C:\Documents and Settings\Administrator\ohdeer\app\cache\prod\classes.php line 5117 [] []
[2012-12-28 02:42:53] request.ERROR: Symfony\Component\HttpKernel\Exception\NotFoundHttpException: No route found for "GET /bundles/OhDeer/images/notfound.png" (uncaught exception) at C:\Documents and Settings\Administrator\ohdeer\app\cache\prod\classes.php line 5117 [] []
[2012-12-28 02:43:09] request.ERROR: Symfony\Component\HttpKernel\Exception\NotFoundHttpException: No route found for "GET /bundles/OhDeer/images/notfound.png" (uncaught exception) at C:\Documents and Settings\Administrator\ohdeer\app\cache\prod\classes.php line 5117 [] []
[2012-12-28 02:43:17] request.ERROR: Symfony\Component\HttpKernel\Exception\NotFoundHttpException: No route found for "GET /bundles/OhDeer/images/notfound.png" (uncaught exception) at C:\Documents and Settings\Administrator\ohdeer\app\cache\prod\classes.php line 5117 [] []
[2012-12-28 02:43:24] request.ERROR: Symfony\Component\HttpKernel\Exception\NotFoundHttpException: No route found for "GET /bundles/OhDeer/images/notfound.png" (uncaught exception) at C:\Documents and Settings\Administrator\ohdeer\app\cache\prod\classes.php line 5117 [] []
[2012-12-28 02:43:32] request.ERROR: Symfony\Component\HttpKernel\Exception\NotFoundHttpException: No route found for "GET /bundles/OhDeer/images/notfound.png" (uncaught exception) at C:\Documents and Settings\Administrator\ohdeer\app\cache\prod\classes.php line 5117 [] []
[2012-12-28 02:43:47] request.ERROR: Symfony\Component\HttpKernel\Exception\NotFoundHttpException: No route found for "GET /bundles/OhDeer/images/notfound.png" (uncaught exception) at C:\Documents and Settings\Administrator\ohdeer\app\cache\prod\classes.php line 5117 [] []
[2012-12-29 01:25:45] request.ERROR: Symfony\Component\HttpKernel\Exception\NotFoundHttpException: No route found for "GET /bundles/OhDeer/images/sort_asc.png" (uncaught exception) at C:\Documents and Settings\Administrator\ohdeer\app\cache\prod\classes.php line 5117 [] []
[2012-12-29 01:25:45] request.ERROR: Symfony\Component\HttpKernel\Exception\NotFoundHttpException: No route found for "GET /bundles/OhDeer/images/sort_both.png" (uncaught exception) at C:\Documents and Settings\Administrator\ohdeer\app\cache\prod\classes.php line 5117 [] []
[2012-12-29 02:03:39] request.ERROR: Symfony\Component\HttpKernel\Exception\NotFoundHttpException: No route found for "GET /bundles/OhDeer/css/images/ui-bg_glass_75_dadada_1x400.png" (uncaught exception) at C:\Documents and Settings\Administrator\ohdeer\vendor\symfony\symfony\src\Symfony\Component\HttpKernel\EventListener\RouterListener.php line 92 [] []
[2012-12-29 02:33:42] request.ERROR: Symfony\Component\HttpKernel\Exception\NotFoundHttpException: No route found for "GET /bundles/OhDeer/css/images/ui-icons_888888_256x240.png" (uncaught exception) at C:\Documents and Settings\Administrator\ohdeer\vendor\symfony\symfony\src\Symfony\Component\HttpKernel\EventListener\RouterListener.php line 92 [] []
[2012-12-29 02:33:42] request.ERROR: Symfony\Component\HttpKernel\Exception\NotFoundHttpException: No route found for "GET /bundles/OhDeer/css/images/ui-bg_glass_75_e6e6e6_1x400.png" (uncaught exception) at C:\Documents and Settings\Administrator\ohdeer\vendor\symfony\symfony\src\Symfony\Component\HttpKernel\EventListener\RouterListener.php line 92 [] []
[2012-12-29 02:33:42] request.ERROR: Symfony\Component\HttpKernel\Exception\NotFoundHttpException: No route found for "GET /bundles/OhDeer/css/images/ui-bg_highlight-soft_75_cccccc_1x100.png" (uncaught exception) at C:\Documents and Settings\Administrator\ohdeer\vendor\symfony\symfony\src\Symfony\Component\HttpKernel\EventListener\RouterListener.php line 92 [] []
[2012-12-29 02:35:02] request.ERROR: Symfony\Component\HttpKernel\Exception\NotFoundHttpException: No route found for "GET /bundles/OhDeer/css/images/ui-icons_888888_256x240.png" (uncaught exception) at C:\Documents and Settings\Administrator\ohdeer\app\cache\prod\classes.php line 5117 [] []
[2012-12-29 02:35:02] request.ERROR: Symfony\Component\HttpKernel\Exception\NotFoundHttpException: No route found for "GET /bundles/OhDeer/css/images/ui-bg_highlight-soft_75_cccccc_1x100.png" (uncaught exception) at C:\Documents and Settings\Administrator\ohdeer\app\cache\prod\classes.php line 5117 [] []
[2012-12-29 02:35:02] request.ERROR: Symfony\Component\HttpKernel\Exception\NotFoundHttpException: No route found for "GET /bundles/OhDeer/css/images/ui-bg_glass_75_e6e6e6_1x400.png" (uncaught exception) at C:\Documents and Settings\Administrator\ohdeer\app\cache\prod\classes.php line 5117 [] []
[2012-12-29 02:35:42] request.ERROR: Symfony\Component\HttpKernel\Exception\NotFoundHttpException: No route found for "GET /bundles/OhDeer/css/images/ui-icons_888888_256x240.png" (uncaught exception) at C:\Documents and Settings\Administrator\ohdeer\app\cache\prod\classes.php line 5117 [] []
 []
[2012-12-29 02:35:42] request.ERROR: Symfony\Component\HttpKernel\Exception\NotFoundHttpException: No route found for "GET /bundles/OhDeer/css/images/ui-bg_highlight-soft_75_cccccc_1x100.png" (uncaught exception) at C:\Documents and Settings\Administrator\ohdeer\app\cache\prod\classes.php line 5117 [] []
[2012-12-29 02:37:40] request.ERROR: Symfony\Component\HttpKernel\Exception\NotFoundHttpException: No route found for "GET /bundles/OhDeer/css/images/ui-bg_highlight-soft_75_cccccc_1x100.png" (uncaught exception) at C:\Documents and Settings\Administrator\ohdeer\app\cache\prod\classes.php line 5117 [] []
[2012-12-29 02:37:40] request.ERROR: Symfony\Component\HttpKernel\Exception\NotFoundHttpException: No route found for "GET /bundles/OhDeer/css/images/ui-icons_888888_256x240.png" (uncaught exception) at C:\Documents and Settings\Administrator\ohdeer\app\cache\prod\classes.php line 5117 [] []
[2012-12-29 02:37:40] request.ERROR: Symfony\Component\HttpKernel\Exception\NotFoundHttpException: No route found for "GET /bundles/OhDeer/css/images/ui-bg_glass_75_e6e6e6_1x400.png" (uncaught exception) at C:\Documents and Settings\Administrator\ohdeer\app\cache\prod\classes.php line 5117 [] []
[2012-12-29 02:40:54] request.ERROR: Symfony\Component\HttpKernel\Exception\NotFoundHttpException: No route found for "GET /bundles/OhDeer/css/images/ui-icons_888888_256x240.png" (uncaught exception) at C:\Documents and Settings\Administrator\ohdeer\app\cache\prod\classes.php line 5117 [] []
[2012-12-29 02:40:54] request.ERROR: Symfony\Component\HttpKernel\Exception\NotFoundHttpException: No route found for "GET /bundles/OhDeer/css/images/ui-bg_highlight-soft_75_cccccc_1x100.png" (uncaught exception) at C:\Documents and Settings\Administrator\ohdeer\app\cache\prod\classes.php line 5117 [] []
[2012-12-29 02:40:54] request.ERROR: Symfony\Component\HttpKernel\Exception\NotFoundHttpException: No route found for "GET /bundles/OhDeer/css/images/ui-bg_glass_75_e6e6e6_1x400.png" (uncaught exception) at C:\Documents and Settings\Administrator\ohdeer\app\cache\prod\classes.php line 5117 [] []
[2012-12-29 02:41:33] request.ERROR: Symfony\Component\HttpKernel\Exception\NotFoundHttpException: No route found for "GET /bundles/OhDeer/css/images/ui-bg_flat_75_ffffff_40x100.png" (uncaught exception) at C:\Documents and Settings\Administrator\ohdeer\app\cache\prod\classes.php line 5117 [] []
[2012-12-29 02:41:51] request.ERROR: Symfony\Component\HttpKernel\Exception\NotFoundHttpException: No route found for "GET /bundles/OhDeer/css/images/ui-bg_highlight-soft_75_cccccc_1x100.png" (uncaught exception) at C:\Documents and Settings\Administrator\ohdeer\app\cache\prod\classes.php line 5117 [] []
[2012-12-29 02:43:06] request.ERROR: Symfony\Component\HttpKernel\Exception\NotFoundHttpException: No route found for "GET /bundles/OhDeer/css/images/ui-bg_highlight-soft_75_cccccc_1x100.png" (uncaught exception) at C:\Documents and Settings\Administrator\ohdeer\app\cache\prod\classes.php line 5117 [] []
[2012-12-29 02:43:42] request.ERROR: Symfony\Component\HttpKernel\Exception\NotFoundHttpException: No route found for "GET /bundles/OhDeer/css/images/ui-bg_highlight-soft_75_cccccc_1x100.png" (uncaught exception) at C:\Documents and Settings\Administrator\ohdeer\app\cache\prod\classes.php line 5117 [] []
[2012-12-29 02:43:42] request.ERROR: Symfony\Component\HttpKernel\Exception\NotFoundHttpException: No route found for "GET /bundles/OhDeer/css/images/ui-bg_flat_75_ffffff_40x100.png" (uncaught exception) at C:\Documents and Settings\Administrator\ohdeer\app\cache\prod\classes.php line 5117 [] []
[2012-12-29 02:44:25] request.ERROR: Symfony\Component\HttpKernel\Exception\NotFoundHttpException: No route found for "GET /bundles/OhDeer/css/images/ui-bg_glass_75_e6e6e6_1x400.png" (uncaught exception) at C:\Documents and Settings\Administrator\ohdeer\app\cache\prod\classes.php line 5117 [] []
[2012-12-29 02:44:25] request.ERROR: Symfony\Component\HttpKernel\Exception\NotFoundHttpException: No route found for "GET /bundles/OhDeer/css/images/ui-bg_highlight-soft_75_cccccc_1x100.png" (uncaught exception) at C:\Documents and Settings\Administrator\ohdeer\app\cache\prod\classes.php line 5117 [] []
[2012-12-29 02:44:25] request.ERROR: Symfony\Component\HttpKernel\Exception\NotFoundHttpException: No route found for "GET /bundles/OhDeer/css/images/ui-icons_888888_256x240.png" (uncaught exception) at C:\Documents and Settings\Administrator\ohdeer\app\cache\prod\classes.php line 5117 [] []
[2012-12-29 02:44:39] request.ERROR: Symfony\Component\HttpKernel\Exception\NotFoundHttpException: No route found for "GET /bundles/OhDeer/css/images/ui-bg_highlight-soft_75_cccccc_1x100.png" (uncaught exception) at C:\Documents and Settings\Administrator\ohdeer\app\cache\prod\classes.php line 5117 [] []
[2012-12-29 02:44:39] request.ERROR: Symfony\Component\HttpKernel\Exception\NotFoundHttpException: No route found for "GET /bundles/OhDeer/css/images/ui-bg_flat_75_ffffff_40x100.png" (uncaught exception) at C:\Documents and Settings\Administrator\ohdeer\app\cache\prod\classes.php line 5117 [] []
[2012-12-29 02:45:08] request.ERROR: Symfony\Component\HttpKernel\Exception\NotFoundHttpException: No route found for "GET /bundles/OhDeer/css/images/ui-icons_888888_256x240.png" (uncaught exception) at C:\Documents and Settings\Administrator\ohdeer\app\cache\prod\classes.php line 5117 [] []
[2012-12-29 02:45:08] request.ERROR: Symfony\Component\HttpKernel\Exception\NotFoundHttpException: No route found for "GET /bundles/OhDeer/css/images/ui-bg_glass_75_e6e6e6_1x400.png" (uncaught exception) at C:\Documents and Settings\Administrator\ohdeer\app\cache\prod\classes.php line 5117 [] []
[2012-12-29 02:45:08] request.ERROR: Symfony\Component\HttpKernel\Exception\NotFoundHttpException: No route found for "GET /bundles/OhDeer/css/images/ui-bg_highlight-soft_75_cccccc_1x100.png" (uncaught exception) at C:\Documents and Settings\Administrator\ohdeer\app\cache\prod\classes.php line 5117 [] []
[2012-12-29 17:15:40] request.ERROR: Symfony\Component\HttpKernel\Exception\NotFoundHttpException: No route found for "GET /bundles/OhDeer/images/sort_both.png" (uncaught exception) at C:\Documents and Settings\Administrator\ohdeer\app\cache\prod\classes.php line 5117 [] []
[2012-12-29 17:15:40] request.ERROR: Symfony\Component\HttpKernel\Exception\NotFoundHttpException: No route found for "GET /bundles/OhDeer/images/sort_asc.png" (uncaught exception) at C:\Documents and Settings\Administrator\ohdeer\app\cache\prod\classes.php line 5117 [] []
[2012-12-29 20:44:14] request.ERROR: Symfony\Component\HttpKernel\Exception\NotFoundHttpException: No route found for "GET /app_web.php" (uncaught exception) at C:\Documents and Settings\Administrator\ohdeer\app\cache\prod\classes.php line 5117 [] []
[2013-01-05 20:22:01] request.ERROR: Symfony\Component\HttpKernel\Exception\NotFoundHttpException: No route found for "GET /bundles/OhDeer/images/edit_16.png" (uncaught exception) at C:\Documents and Settings\Administrator\ohdeer\app\cache\prod\classes.php line 5117 [] []
[2013-01-05 20:22:47] request.ERROR: Symfony\Component\HttpKernel\Exception\NotFoundHttpException: No route found for "GET /bundles/OhDeer/images/edit_16.jpg" (uncaught exception) at C:\Documents and Settings\Administrator\ohdeer\app\cache\prod\classes.php line 5117 [] []
[2013-01-19 22:14:40] request.INFO: Matched route "oh_deer_app_welcome" (parameters: "_controller": "OhDeer\AppBundle\Controller\DefaultController::indexAction", "_route": "oh_deer_app_welcome") [] []
[2013-01-19 22:14:43] request.CRITICAL: Twig_Error_Runtime: An exception has been thrown during the rendering of a template ("Route "_configurator_home" does not exist.") in "OhDeerAppBundle:Default:index.html.twig" at line 24. (uncaught exception) at C:\Documents and Settings\Administrator\ohdeer\app\cache\prod\classes.php line 9179 [] []
[2013-01-19 22:14:58] request.INFO: Matched route "oh_deer_app_welcome" (parameters: "_controller": "OhDeer\AppBundle\Controller\DefaultController::indexAction", "_route": "oh_deer_app_welcome") [] []
[2013-01-19 22:14:59] request.CRITICAL: Twig_Error_Runtime: An exception has been thrown during the rendering of a template ("Route "_configurator_home" does not exist.") in "OhDeerAppBundle:Default:index.html.twig" at line 24. (uncaught exception) at C:\Documents and Settings\Administrator\ohdeer\app\cache\prod\classes.php line 9179 [] []
[2013-03-29 23:06:43] request.ERROR: Symfony\Component\HttpKernel\Exception\NotFoundHttpException: No route found for "GET /OhDeer/web/" (uncaught exception) at C:\Documents and Settings\Administrator\ohdeer\app\cache\prod\classes.php line 5117 [] []
[2013-03-29 23:06:53] request.ERROR: Symfony\Component\HttpKernel\Exception\NotFoundHttpException: No route found for "GET /OhDeer/web/" (uncaught exception) at C:\Documents and Settings\Administrator\ohdeer\app\cache\prod\classes.php line 5117 [] []
[2013-03-29 23:06:57] request.ERROR: Symfony\Component\HttpKernel\Exception\NotFoundHttpException: No route found for "GET /OhDeer/web/" (uncaught exception) at C:\Documents and Settings\Administrator\ohdeer\app\cache\prod\classes.php line 5117 [] []
[2013-03-29 23:07:41] request.ERROR: Symfony\Component\HttpKernel\Exception\NotFoundHttpException: No route found for "GET /OhDeer/web/" (uncaught exception) at C:\Documents and Settings\Administrator\ohdeer\app\cache\prod\classes.php line 5117 [] []
[2013-03-29 23:08:33] request.ERROR: Symfony\Component\HttpKernel\Exception\NotFoundHttpException: No route found for "GET /OhDeer/web/" (uncaught exception) at C:\Documents and Settings\Administrator\ohdeer\app\cache\prod\classes.php line 5117 [] []
[2013-03-29 23:11:17] request.ERROR: Symfony\Component\HttpKernel\Exception\NotFoundHttpException: No route found for "GET /OhDeer/web/" (uncaught exception) at C:\Documents and Settings\Administrator\ohdeer\app\cache\prod\classes.php line 5117 [] []
[2013-03-29 23:11:55] request.ERROR: Symfony\Component\HttpKernel\Exception\NotFoundHttpException: No route found for "GET /OhDeer" (uncaught exception) at C:\Documents and Settings\Administrator\ohdeer\app\cache\prod\classes.php line 5117 [] []
[2013-03-29 23:11:58] request.ERROR: Symfony\Component\HttpKernel\Exception\NotFoundHttpException: No route found for "GET /OhDeer" (uncaught exception) at C:\Documents and Settings\Administrator\ohdeer\app\cache\prod\classes.php line 5117 [] []
[2013-03-29 23:12:01] request.INFO: Matched route "oh_deer_app_welcome" (parameters: "_controller": "OhDeer\AppBundle\Controller\DefaultController::indexAction", "_route": "oh_deer_app_welcome") [] []
[2013-03-29 23:12:02] request.CRITICAL: Twig_Error_Runtime: An exception has been thrown during the rendering of a template ("Route "_configurator_home" does not exist.") in "OhDeerAppBundle:Default:index.html.twig" at line 24. (uncaught exception) at C:\Documents and Settings\Administrator\ohdeer\app\cache\prod\classes.php line 9179 [] []
[2013-03-29 23:12:46] request.ERROR: Symfony\Component\HttpKernel\Exception\NotFoundHttpException: No route found for "GET /OhDeer/web/" (uncaught exception) at C:\Documents and Settings\Administrator\ohdeer\app\cache\prod\classes.php line 5117 [] []
[2013-03-29 23:13:29] request.ERROR: Symfony\Component\HttpKernel\Exception\NotFoundHttpException: No route found for "GET /OhDeer/web/" (uncaught exception) at C:\Documents and Settings\Administrator\ohdeer\app\cache\prod\classes.php line 5117 [] []
[2013-03-29 23:13:41] request.ERROR: Symfony\Component\HttpKernel\Exception\NotFoundHttpException: No route found for "GET /OhDeer/web/" (uncaught exception) at C:\Documents and Settings\Administrator\ohdeer\app\cache\prod\classes.php line 5117 [] []
[2013-03-29 23:14:18] request.ERROR: Symfony\Component\HttpKernel\Exception\NotFoundHttpException: No route found for "GET /OhDeer/web/" (uncaught exception) at C:\Documents and Settings\Administrator\ohdeer\app\cache\prod\classes.php line 5117 [] []
[2013-03-29 23:15:03] request.INFO: Matched route "oh_deer_app_welcome" (parameters: "_controller": "OhDeer\AppBundle\Controller\DefaultController::indexAction", "_route": "oh_deer_app_welcome") [] []
[2013-03-29 23:15:03] request.CRITICAL: Twig_Error_Runtime: An exception has been thrown during the rendering of a template ("Route "_configurator_home" does not exist.") in "OhDeerAppBundle:Default:index.html.twig" at line 24. (uncaught exception) at C:\Documents and Settings\Administrator\ohdeer\app\cache\prod\classes.php line 9179 [] []
[2013-03-29 23:26:35] request.INFO: Matched route "oh_deer_app_welcome" (parameters: "_controller": "OhDeer\AppBundle\Controller\DefaultController::indexAction", "_route": "oh_deer_app_welcome") [] []
[2013-03-29 23:26:40] request.CRITICAL: Twig_Error_Runtime: An exception has been thrown during the rendering of a template ("Route "_configurator_home" does not exist.") in "OhDeerAppBundle:Default:index.html.twig" at line 24. (uncaught exception) at C:\xampp\htdocs\OhDeer\app\cache\prod\classes.php line 9179 [] []
[2013-03-29 23:28:59] request.ERROR: Symfony\Component\HttpKernel\Exception\NotFoundHttpException: No route found for "GET /OhDeer/web/app_dev.php" (uncaught exception) at C:\Documents and Settings\Administrator\ohdeer\app\cache\prod\classes.php line 5117 [] []
[2013-03-29 23:31:30] request.ERROR: Symfony\Component\HttpKernel\Exception\NotFoundHttpException: No route found for "GET /OhDeer/web/app_dev.php" (uncaught exception) at C:\Documents and Settings\Administrator\ohdeer\app\cache\prod\classes.php line 5117 [] []
[2013-03-29 23:31:37] request.INFO: Matched route "oh_deer_app_welcome" (parameters: "_controller": "OhDeer\AppBundle\Controller\DefaultController::indexAction", "_route": "oh_deer_app_welcome") [] []
[2013-03-29 23:31:37] request.CRITICAL: Twig_Error_Runtime: An exception has been thrown during the rendering of a template ("Route "_configurator_home" does not exist.") in "OhDeerAppBundle:Default:index.html.twig" at line 24. (uncaught exception) at C:\Documents and Settings\Administrator\ohdeer\app\cache\prod\classes.php line 9179 [] []
[2013-03-29 23:31:57] request.INFO: Matched route "oh_deer_app_welcome" (parameters: "_controller": "OhDeer\AppBundle\Controller\DefaultController::indexAction", "_route": "oh_deer_app_welcome") [] []
[2013-03-29 23:31:58] request.CRITICAL: Twig_Error_Runtime: An exception has been thrown during the rendering of a template ("Route "_configurator_home" does not exist.") in "OhDeerAppBundle:Default:index.html.twig" at line 24. (uncaught exception) at C:\Documents and Settings\Administrator\ohdeer\app\cache\prod\classes.php line 9179 [] []
[2013-03-29 23:32:11] request.INFO: Matched route "oh_deer_app_welcome" (parameters: "_controller": "OhDeer\AppBundle\Controller\DefaultController::indexAction", "_route": "oh_deer_app_welcome") [] []
[2013-03-29 23:32:13] request.CRITICAL: Twig_Error_Runtime: An exception has been thrown during the rendering of a template ("Route "_configurator_home" does not exist.") in "OhDeerAppBundle:Default:index.html.twig" at line 24. (uncaught exception) at C:\xampp\htdocs\OhDeer\app\cache\prod\classes.php line 9179 [] []
[2013-03-29 23:34:19] request.INFO: Matched route "oh_deer_app_welcome" (parameters: "_controller": "OhDeer\AppBundle\Controller\DefaultController::indexAction", "_route": "oh_deer_app_welcome") [] []
[2013-03-29 23:34:19] request.CRITICAL: Twig_Error_Runtime: An exception has been thrown during the rendering of a template ("Route "_configurator_home" does not exist.") in "OhDeerAppBundle:Default:index.html.twig" at line 24. (uncaught exception) at C:\xampp\htdocs\OhDeer\app\cache\prod\classes.php line 9179 [] []
[2013-03-29 23:35:06] request.INFO: Matched route "oh_deer_app_welcome" (parameters: "_controller": "OhDeer\AppBundle\Controller\DefaultController::indexAction", "_route": "oh_deer_app_welcome") [] []
[2013-03-29 23:35:07] request.CRITICAL: Twig_Error_Runtime: An exception has been thrown during the rendering of a template ("Route "_configurator_home" does not exist.") in "OhDeerAppBundle:Default:index.html.twig" at line 24. (uncaught exception) at C:\xampp\htdocs\OhDeer\app\cache\prod\classes.php line 9179 [] []
[2013-03-29 23:35:36] request.INFO: Matched route "oh_deer_app_welcome" (parameters: "_controller": "OhDeer\AppBundle\Controller\DefaultController::indexAction", "_route": "oh_deer_app_welcome") [] []
[2013-03-29 23:35:36] request.CRITICAL: Twig_Error_Runtime: An exception has been thrown during the rendering of a template ("Route "_configurator_home" does not exist.") in "OhDeerAppBundle:Default:index.html.twig" at line 24. (uncaught exception) at C:\xampp\htdocs\OhDeer\app\cache\prod\classes.php line 9179 [] []
[2013-03-29 23:39:34] request.ERROR: Symfony\Component\HttpKernel\Exception\NotFoundHttpException: No route found for "GET /OhDeer/web/" (uncaught exception) at C:\Documents and Settings\Administrator\ohdeer\app\cache\prod\classes.php line 5117 [] []
[2013-03-29 23:39:40] request.ERROR: Symfony\Component\HttpKernel\Exception\NotFoundHttpException: No route found for "GET /OhDeer" (uncaught exception) at C:\Documents and Settings\Administrator\ohdeer\app\cache\prod\classes.php line 5117 [] []
[2013-03-29 23:39:44] request.INFO: Matched route "oh_deer_app_welcome" (parameters: "_controller": "OhDeer\AppBundle\Controller\DefaultController::indexAction", "_route": "oh_deer_app_welcome") [] []
[2013-03-29 23:39:45] request.CRITICAL: Twig_Error_Runtime: An exception has been thrown during the rendering of a template ("Route "_configurator_home" does not exist.") in "OhDeerAppBundle:Default:index.html.twig" at line 24. (uncaught exception) at C:\Documents and Settings\Administrator\ohdeer\app\cache\prod\classes.php line 9179 [] []
[2013-03-29 23:40:21] request.INFO: Matched route "oh_deer_app_welcome" (parameters: "_controller": "OhDeer\AppBundle\Controller\DefaultController::indexAction", "_route": "oh_deer_app_welcome") [] []
[2013-03-29 23:40:22] request.CRITICAL: Twig_Error_Runtime: An exception has been thrown during the rendering of a template ("Route "_configurator_home" does not exist.") in "OhDeerAppBundle:Default:index.html.twig" at line 24. (uncaught exception) at C:\Documents and Settings\Administrator\ohdeer\app\cache\prod\classes.php line 9179 [] []
[2013-03-29 23:40:26] request.ERROR: Symfony\Component\HttpKernel\Exception\NotFoundHttpException: No route found for "GET /OhDeer/web/" (uncaught exception) at C:\Documents and Settings\Administrator\ohdeer\app\cache\prod\classes.php line 5117 [] []
[2013-03-29 23:47:48] request.INFO: Matched route "oh_deer_app_welcome" (parameters: "_controller": "OhDeer\AppBundle\Controller\DefaultController::indexAction", "_route": "oh_deer_app_welcome") [] []
[2013-03-29 23:47:49] request.CRITICAL: Twig_Error_Runtime: An exception has been thrown during the rendering of a template ("Route "_configurator_home" does not exist.") in "OhDeerAppBundle:Default:index.html.twig" at line 24. (uncaught exception) at C:\Documents and Settings\Administrator\ohdeer\app\cache\prod\classes.php line 9179 [] []
[2013-03-29 23:52:03] request.ERROR: Symfony\Component\HttpKernel\Exception\NotFoundHttpException: No route found for "GET /OhDeer/web/app_dev.php" (uncaught exception) at C:\Documents and Settings\Administrator\ohdeer\app\cache\prod\classes.php line 5117 [] []
[2013-03-29 23:56:51] request.INFO: Matched route "oh_deer_app_welcome" (parameters: "_controller": "OhDeer\AppBundle\Controller\DefaultController::indexAction", "_route": "oh_deer_app_welcome") [] []
[2013-03-29 23:56:51] request.CRITICAL: Twig_Error_Runtime: An exception has been thrown during the rendering of a template ("Route "_configurator_home" does not exist.") in "OhDeerAppBundle:Default:index.html.twig" at line 24. (uncaught exception) at C:\Documents and Settings\Administrator\ohdeer\app\cache\prod\classes.php line 9179 [] []
[2013-03-29 23:56:55] request.INFO: Matched route "oh_deer_app_welcome" (parameters: "_controller": "OhDeer\AppBundle\Controller\DefaultController::indexAction", "_route": "oh_deer_app_welcome") [] []
[2013-03-29 23:56:55] request.CRITICAL: Twig_Error_Runtime: An exception has been thrown during the rendering of a template ("Route "_configurator_home" does not exist.") in "OhDeerAppBundle:Default:index.html.twig" at line 24. (uncaught exception) at C:\Documents and Settings\Administrator\ohdeer\app\cache\prod\classes.php line 9179 [] []
[2013-03-29 23:57:17] request.INFO: Matched route "oh_deer_app_welcome" (parameters: "_controller": "OhDeer\AppBundle\Controller\DefaultController::indexAction", "_route": "oh_deer_app_welcome") [] []
[2013-03-29 23:57:17] request.CRITICAL: Twig_Error_Runtime: An exception has been thrown during the rendering of a template ("Route "_configurator_home" does not exist.") in "OhDeerAppBundle:Default:index.html.twig" at line 24. (uncaught exception) at C:\Documents and Settings\Administrator\ohdeer\app\cache\prod\classes.php line 9179 [] []
[2013-03-29 23:57:41] request.INFO: Matched route "oh_deer_app_welcome" (parameters: "_controller": "OhDeer\AppBundle\Controller\DefaultController::indexAction", "_route": "oh_deer_app_welcome") [] []
[2013-03-29 23:57:42] request.CRITICAL: Twig_Error_Runtime: An exception has been thrown during the rendering of a template ("Route "_configurator_home" does not exist.") in "OhDeerAppBundle:Default:index.html.twig" at line 24. (uncaught exception) at C:\Documents and Settings\Administrator\ohdeer\app\cache\prod\classes.php line 9179 [] []
[2013-03-29 23:58:01] request.INFO: Matched route "oh_deer_app_welcome" (parameters: "_controller": "OhDeer\AppBundle\Controller\DefaultController::indexAction", "_route": "oh_deer_app_welcome") [] []
[2013-03-29 23:58:02] request.CRITICAL: Twig_Error_Runtime: An exception has been thrown during the rendering of a template ("Route "_configurator_home" does not exist.") in "OhDeerAppBundle:Default:index.html.twig" at line 24. (uncaught exception) at C:\Documents and Settings\Administrator\ohdeer\app\cache\prod\classes.php line 9179 [] []
[2013-03-30 00:00:03] request.INFO: Matched route "oh_deer_app_welcome" (parameters: "_controller": "OhDeer\AppBundle\Controller\DefaultController::indexAction", "_route": "oh_deer_app_welcome") [] []
[2013-03-30 00:00:03] request.CRITICAL: Twig_Error_Runtime: An exception has been thrown during the rendering of a template ("Route "_configurator_home" does not exist.") in "OhDeerAppBundle:Default:index.html.twig" at line 24. (uncaught exception) at C:\Documents and Settings\Administrator\ohdeer\app\cache\prod\classes.php line 9179 [] []
[2013-03-30 00:09:06] request.INFO: Matched route "oh_deer_app_welcome" (parameters: "_controller": "OhDeer\AppBundle\Controller\DefaultController::indexAction", "_route": "oh_deer_app_welcome") [] []
[2013-03-30 00:09:08] request.CRITICAL: Twig_Error_Runtime: An exception has been thrown during the rendering of a template ("Route "_configurator_home" does not exist.") in "OhDeerAppBundle:Default:index.html.twig" at line 24. (uncaught exception) at C:\Documents and Settings\Administrator\ohdeer\app\cache\prod\classes.php line 9179 [] []
[2013-03-30 00:20:30] request.INFO: Matched route "oh_deer_app_welcome" (parameters: "_controller": "OhDeer\AppBundle\Controller\DefaultController::indexAction", "_route": "oh_deer_app_welcome") [] []
[2013-03-30 00:20:31] request.CRITICAL: Twig_Error_Runtime: An exception has been thrown during the rendering of a template ("Route "_configurator_home" does not exist.") in "OhDeerAppBundle:Default:index.html.twig" at line 24. (uncaught exception) at C:\Documents and Settings\Administrator\ohdeer\app\cache\prod\classes.php line 9179 [] []
[2013-03-30 00:20:43] request.INFO: Matched route "oh_deer_app_welcome" (parameters: "_controller": "OhDeer\AppBundle\Controller\DefaultController::indexAction", "_route": "oh_deer_app_welcome") [] []
[2013-03-30 00:20:44] request.CRITICAL: Twig_Error_Runtime: An exception has been thrown during the rendering of a template ("Route "_configurator_home" does not exist.") in "OhDeerAppBundle:Default:index.html.twig" at line 24. (uncaught exception) at C:\Documents and Settings\Administrator\ohdeer\app\cache\prod\classes.php line 9179 [] []
[2013-03-30 00:21:22] request.INFO: Matched route "oh_deer_app_welcome" (parameters: "_controller": "OhDeer\AppBundle\Controller\DefaultController::indexAction", "_route": "oh_deer_app_welcome") [] []
[2013-03-30 00:21:22] request.CRITICAL: LogicException: The controller must return a response (null given). Did you forget to add a return statement somewhere in your controller? (uncaught exception) at C:\Documents and Settings\Administrator\ohdeer\app\bootstrap.php.cache line 1442 [] []
[2013-03-30 00:21:25] request.INFO: Matched route "oh_deer_app_welcome" (parameters: "_controller": "OhDeer\AppBundle\Controller\DefaultController::indexAction", "_route": "oh_deer_app_welcome") [] []
[2013-03-30 00:21:25] request.CRITICAL: LogicException: The controller must return a response (null given). Did you forget to add a return statement somewhere in your controller? (uncaught exception) at C:\Documents and Settings\Administrator\ohdeer\app\bootstrap.php.cache line 1442 [] []
[2013-03-30 00:21:35] request.INFO: Matched route "oh_deer_app_welcome" (parameters: "_controller": "OhDeer\AppBundle\Controller\DefaultController::indexAction", "_route": "oh_deer_app_welcome") [] []
[2013-03-30 00:21:35] request.CRITICAL: LogicException: The controller must return a response (null given). Did you forget to add a return statement somewhere in your controller? (uncaught exception) at C:\Documents and Settings\Administrator\ohdeer\app\bootstrap.php.cache line 1442 [] []
[2013-03-30 00:53:03] request.ERROR: Symfony\Component\HttpKernel\Exception\NotFoundHttpException: No route found for "GET /OhDeer/web/producto" (uncaught exception) at C:\Documents and Settings\Administrator\ohdeer\app\cache\prod\classes.php line 5117 [] []
[2013-03-30 00:53:18] request.ERROR: Symfony\Component\HttpKernel\Exception\NotFoundHttpException: No route found for "GET /OhDeer/web/app_dev.php" (uncaught exception) at C:\Documents and Settings\Administrator\ohdeer\app\cache\prod\classes.php line 5117 [] []
[2013-03-30 00:56:07] request.ERROR: Symfony\Component\HttpKernel\Exception\NotFoundHttpException: No route found for "GET /OhDeer/web/app_dev.php" (uncaught exception) at C:\Documents and Settings\Administrator\ohdeer\app\cache\prod\classes.php line 5117 [] []
[2013-03-30 00:58:51] request.ERROR: Symfony\Component\HttpKernel\Exception\NotFoundHttpException: No route found for "GET /OhDeer/web/app_dev.php" (uncaught exception) at C:\Documents and Settings\Administrator\ohdeer\app\cache\prod\classes.php line 5117 [] []
[2013-03-30 00:59:29] request.ERROR: Symfony\Component\HttpKernel\Exception\NotFoundHttpException: No route found for "GET /OhDeer/web/app_dev.php" (uncaught exception) at C:\Documents and Settings\Administrator\ohdeer\app\cache\prod\classes.php line 5117 [] []
[2013-03-30 01:04:11] request.INFO: Matched route "oh_deer_app_welcome" (parameters: "_controller": "OhDeer\AppBundle\Controller\DefaultController::indexAction", "_route": "oh_deer_app_welcome") [] []
[2013-03-30 01:04:13] request.CRITICAL: Twig_Error_Runtime: An exception has been thrown during the rendering of a template ("Route "_configurator_home" does not exist.") in "OhDeerAppBundle:Default:index.html.twig" at line 24. (uncaught exception) at C:\Documents and Settings\Administrator\ohdeer\app\cache\prod\classes.php line 9179 [] []
